2023-11-13 11:12:11.043  INFO 6792 --- [restartedMain] com.ysblog.sbb.SbbApplication            : Starting SbbApplication using Java 17.0.8.1 with PID 6792 (C:\Users\admin\Desktop\YOONLOG\build\classes\java\main started by admin in C:\Users\admin\Desktop\YOONLOG)
2023-11-13 11:12:11.044  INFO 6792 --- [restartedMain] com.ysblog.sbb.SbbApplication            : No active profile set, falling back to 1 default profile: "default"
2023-11-13 11:12:11.161  INFO 6792 --- [restartedMain] .s.d.r.c.RepositoryConfigurationDelegate : Bootstrapping Spring Data JPA repositories in DEFAULT mode.
2023-11-13 11:12:11.170  INFO 6792 --- [restartedMain] .s.d.r.c.RepositoryConfigurationDelegate : Finished Spring Data repository scanning in 8 ms. Found 3 JPA repository interfaces.
2023-11-13 11:12:11.245  INFO 6792 --- [restartedMain] o.s.b.w.embedded.tomcat.TomcatWebServer  : Tomcat initialized with port(s): 8080 (http)
2023-11-13 11:12:11.246  INFO 6792 --- [restartedMain] o.apache.catalina.core.StandardService   : Starting service [Tomcat]
2023-11-13 11:12:11.246  INFO 6792 --- [restartedMain] o.apache.catalina.core.StandardEngine    : Starting Servlet engine: [Apache Tomcat/10.1.15]
2023-11-13 11:12:11.256  INFO 6792 --- [restartedMain] o.a.c.c.C.[Tomcat].[localhost].[/]       : Initializing Spring embedded WebApplicationContext
2023-11-13 11:12:11.257  INFO 6792 --- [restartedMain] w.s.c.ServletWebServerApplicationContext : Root WebApplicationContext: initialization completed in 210 ms
2023-11-13 11:12:11.290  INFO 6792 --- [restartedMain] o.hibernate.jpa.internal.util.LogHelper  : HHH000204: Processing PersistenceUnitInfo [name: default]
2023-11-13 11:12:11.294  INFO 6792 --- [restartedMain] o.s.o.j.p.SpringPersistenceUnitInfo      : No LoadTimeWeaver setup: ignoring JPA class transformer
2023-11-13 11:12:11.295  INFO 6792 --- [restartedMain] com.zaxxer.hikari.HikariDataSource       : HikariPool-2 - Starting...
2023-11-13 11:12:11.456  INFO 6792 --- [restartedMain] com.zaxxer.hikari.pool.HikariPool        : HikariPool-2 - Added connection org.postgresql.jdbc.PgConnection@3b6e6d94
2023-11-13 11:12:11.456  INFO 6792 --- [restartedMain] com.zaxxer.hikari.HikariDataSource       : HikariPool-2 - Start completed.
2023-11-13 11:12:11.464  WARN 6792 --- [restartedMain] org.hibernate.orm.deprecation            : HHH90000025: PostgreSQLDialect does not need to be specified explicitly using 'hibernate.dialect' (remove the property setting and it will be selected by default)
2023-11-13 11:12:11.535  INFO 6792 --- [restartedMain] o.h.e.t.j.p.i.JtaPlatformInitiator       : HHH000489: No JTA platform available (set 'hibernate.transaction.jta.platform' to enable JTA platform integration)
2023-11-13 11:12:11.796  INFO 6792 --- [restartedMain] j.LocalContainerEntityManagerFactoryBean : Initialized JPA EntityManagerFactory for persistence unit 'default'
2023-11-13 11:12:11.926  WARN 6792 --- [restartedMain] JpaBaseConfiguration$JpaWebConfiguration : spring.jpa.open-in-view is enabled by default. Therefore, database queries may be performed during view rendering. Explicitly configure spring.jpa.open-in-view to disable this warning
2023-11-13 11:12:11.958  INFO 6792 --- [restartedMain] o.s.s.web.DefaultSecurityFilterChain     : Will secure any request with [org.springframework.security.web.session.DisableEncodeUrlFilter@270242e8, org.springframework.security.web.session.ForceEagerSessionCreationFilter@4511ce55, org.springframework.security.web.context.request.async.WebAsyncManagerIntegrationFilter@7d06e68b, org.springframework.security.web.context.SecurityContextHolderFilter@f908c22, org.springframework.security.web.header.HeaderWriterFilter@313f43c8, org.springframework.security.web.csrf.CsrfFilter@652cf0ce, org.springframework.security.web.authentication.logout.LogoutFilter@5d47161, org.springframework.security.oauth2.client.web.OAuth2AuthorizationRequestRedirectFilter@1c949773, org.springframework.security.oauth2.client.web.OAuth2LoginAuthenticationFilter@3e1b02fd, org.springframework.security.web.authentication.UsernamePasswordAuthenticationFilter@4bcd9a4, org.springframework.security.web.savedrequest.RequestCacheAwareFilter@5111bad3, org.springframework.security.web.servletapi.SecurityContextHolderAwareRequestFilter@1a7b823a, org.springframework.security.web.authentication.AnonymousAuthenticationFilter@1bec0f3c, org.springframework.security.web.session.SessionManagementFilter@d38b7cb, org.springframework.security.web.access.ExceptionTranslationFilter@1fd820fb, org.springframework.security.web.access.intercept.AuthorizationFilter@7f7ccf91]
2023-11-13 11:12:12.065  INFO 6792 --- [restartedMain] o.s.b.d.a.OptionalLiveReloadServer       : LiveReload server is running on port 35729
2023-11-13 11:12:12.071  INFO 6792 --- [restartedMain] o.s.b.w.embedded.tomcat.TomcatWebServer  : Tomcat started on port(s): 8080 (http) with context path ''
2023-11-13 11:12:12.073  INFO 6792 --- [restartedMain] com.ysblog.sbb.SbbApplication            : Started SbbApplication in 1.057 seconds (process running for 2062.954)
2023-11-13 11:12:12.074  INFO 6792 --- [restartedMain] .ConditionEvaluationDeltaLoggingListener : Condition evaluation unchanged
2023-11-13 12:45:05.863  INFO 6792 --- [File Watcher] rtingClassPathChangeChangedEventListener : Restarting due to 35 class path changes (0 additions, 0 deletions, 35 modifications)
2023-11-13 12:45:05.869  INFO 6792 --- [Thread-9] o.apache.catalina.core.StandardService   : Stopping service [Tomcat]
2023-11-13 12:45:05.872  INFO 6792 --- [Thread-9] j.LocalContainerEntityManagerFactoryBean : Closing JPA EntityManagerFactory for persistence unit 'default'
2023-11-13 12:45:05.873  INFO 6792 --- [Thread-9] com.zaxxer.hikari.HikariDataSource       : HikariPool-2 - Shutdown initiated...
2023-11-13 12:45:05.875  INFO 6792 --- [Thread-9] com.zaxxer.hikari.HikariDataSource       : HikariPool-2 - Shutdown completed.
2023-11-13 12:45:05.930  INFO 6792 --- [restartedMain] com.ysblog.sbb.SbbApplication            : Starting SbbApplication using Java 17.0.8.1 with PID 6792 (C:\Users\admin\Desktop\YOONLOG\build\classes\java\main started by admin in C:\Users\admin\Desktop\YOONLOG)
2023-11-13 12:45:05.930  INFO 6792 --- [restartedMain] com.ysblog.sbb.SbbApplication            : No active profile set, falling back to 1 default profile: "default"
2023-11-13 12:45:06.049  INFO 6792 --- [restartedMain] .s.d.r.c.RepositoryConfigurationDelegate : Bootstrapping Spring Data JPA repositories in DEFAULT mode.
2023-11-13 12:45:06.057  INFO 6792 --- [restartedMain] .s.d.r.c.RepositoryConfigurationDelegate : Finished Spring Data repository scanning in 7 ms. Found 3 JPA repository interfaces.
2023-11-13 12:45:06.129  INFO 6792 --- [restartedMain] o.s.b.w.embedded.tomcat.TomcatWebServer  : Tomcat initialized with port(s): 8080 (http)
2023-11-13 12:45:06.129  INFO 6792 --- [restartedMain] o.apache.catalina.core.StandardService   : Starting service [Tomcat]
2023-11-13 12:45:06.129  INFO 6792 --- [restartedMain] o.apache.catalina.core.StandardEngine    : Starting Servlet engine: [Apache Tomcat/10.1.15]
2023-11-13 12:45:06.141  INFO 6792 --- [restartedMain] o.a.c.c.C.[Tomcat].[localhost].[/]       : Initializing Spring embedded WebApplicationContext
2023-11-13 12:45:06.141  INFO 6792 --- [restartedMain] w.s.c.ServletWebServerApplicationContext : Root WebApplicationContext: initialization completed in 207 ms
2023-11-13 12:45:06.177  INFO 6792 --- [restartedMain] o.hibernate.jpa.internal.util.LogHelper  : HHH000204: Processing PersistenceUnitInfo [name: default]
2023-11-13 12:45:06.182  INFO 6792 --- [restartedMain] o.s.o.j.p.SpringPersistenceUnitInfo      : No LoadTimeWeaver setup: ignoring JPA class transformer
2023-11-13 12:45:06.183  INFO 6792 --- [restartedMain] com.zaxxer.hikari.HikariDataSource       : HikariPool-3 - Starting...
2023-11-13 12:45:06.304  INFO 6792 --- [restartedMain] com.zaxxer.hikari.pool.HikariPool        : HikariPool-3 - Added connection org.postgresql.jdbc.PgConnection@45038ef8
2023-11-13 12:45:06.304  INFO 6792 --- [restartedMain] com.zaxxer.hikari.HikariDataSource       : HikariPool-3 - Start completed.
2023-11-13 12:45:06.314  WARN 6792 --- [restartedMain] org.hibernate.orm.deprecation            : HHH90000025: PostgreSQLDialect does not need to be specified explicitly using 'hibernate.dialect' (remove the property setting and it will be selected by default)
2023-11-13 12:45:06.376  INFO 6792 --- [restartedMain] o.h.e.t.j.p.i.JtaPlatformInitiator       : HHH000489: No JTA platform available (set 'hibernate.transaction.jta.platform' to enable JTA platform integration)
2023-11-13 12:45:06.679  INFO 6792 --- [restartedMain] j.LocalContainerEntityManagerFactoryBean : Initialized JPA EntityManagerFactory for persistence unit 'default'
2023-11-13 12:45:06.833  WARN 6792 --- [restartedMain] JpaBaseConfiguration$JpaWebConfiguration : spring.jpa.open-in-view is enabled by default. Therefore, database queries may be performed during view rendering. Explicitly configure spring.jpa.open-in-view to disable this warning
2023-11-13 12:45:06.868  INFO 6792 --- [restartedMain] o.s.s.web.DefaultSecurityFilterChain     : Will secure any request with [org.springframework.security.web.session.DisableEncodeUrlFilter@6a94c9f7, org.springframework.security.web.session.ForceEagerSessionCreationFilter@164ee6b9, org.springframework.security.web.context.request.async.WebAsyncManagerIntegrationFilter@13b6b1ea, org.springframework.security.web.context.SecurityContextHolderFilter@27e93651, org.springframework.security.web.header.HeaderWriterFilter@35c1255b, org.springframework.security.web.csrf.CsrfFilter@6fb3ece, org.springframework.security.web.authentication.logout.LogoutFilter@43926ae0, org.springframework.security.oauth2.client.web.OAuth2AuthorizationRequestRedirectFilter@40b8b8b2, org.springframework.security.oauth2.client.web.OAuth2LoginAuthenticationFilter@702d6dec, org.springframework.security.web.authentication.UsernamePasswordAuthenticationFilter@4e865408, org.springframework.security.web.savedrequest.RequestCacheAwareFilter@6164155, org.springframework.security.web.servletapi.SecurityContextHolderAwareRequestFilter@3a414731, org.springframework.security.web.authentication.AnonymousAuthenticationFilter@86fec7d, org.springframework.security.web.session.SessionManagementFilter@783b7ad6, org.springframework.security.web.access.ExceptionTranslationFilter@5349d44, org.springframework.security.web.access.intercept.AuthorizationFilter@43ab2107]
2023-11-13 12:45:06.982  INFO 6792 --- [restartedMain] o.s.b.d.a.OptionalLiveReloadServer       : LiveReload server is running on port 35729
2023-11-13 12:45:06.987  INFO 6792 --- [restartedMain] o.s.b.w.embedded.tomcat.TomcatWebServer  : Tomcat started on port(s): 8080 (http) with context path ''
2023-11-13 12:45:06.990  INFO 6792 --- [restartedMain] com.ysblog.sbb.SbbApplication            : Started SbbApplication in 1.079 seconds (process running for 7637.872)
2023-11-13 12:45:06.991  INFO 6792 --- [restartedMain] .ConditionEvaluationDeltaLoggingListener : Condition evaluation unchanged
2023-11-13 12:48:24.928  INFO 6792 --- [File Watcher] rtingClassPathChangeChangedEventListener : Restarting due to 34 class path changes (0 additions, 0 deletions, 34 modifications)
2023-11-13 12:48:24.935  INFO 6792 --- [Thread-11] o.apache.catalina.core.StandardService   : Stopping service [Tomcat]
2023-11-13 12:48:24.937  INFO 6792 --- [Thread-11] j.LocalContainerEntityManagerFactoryBean : Closing JPA EntityManagerFactory for persistence unit 'default'
2023-11-13 12:48:24.937  INFO 6792 --- [Thread-11] com.zaxxer.hikari.HikariDataSource       : HikariPool-3 - Shutdown initiated...
2023-11-13 12:48:24.938  INFO 6792 --- [Thread-11] com.zaxxer.hikari.HikariDataSource       : HikariPool-3 - Shutdown completed.
2023-11-13 12:48:24.982  INFO 6792 --- [restartedMain] com.ysblog.sbb.SbbApplication            : Starting SbbApplication using Java 17.0.8.1 with PID 6792 (C:\Users\admin\Desktop\YOONLOG\build\classes\java\main started by admin in C:\Users\admin\Desktop\YOONLOG)
2023-11-13 12:48:24.982  INFO 6792 --- [restartedMain] com.ysblog.sbb.SbbApplication            : No active profile set, falling back to 1 default profile: "default"
2023-11-13 12:48:25.082  INFO 6792 --- [restartedMain] .s.d.r.c.RepositoryConfigurationDelegate : Bootstrapping Spring Data JPA repositories in DEFAULT mode.
2023-11-13 12:48:25.089  INFO 6792 --- [restartedMain] .s.d.r.c.RepositoryConfigurationDelegate : Finished Spring Data repository scanning in 6 ms. Found 3 JPA repository interfaces.
2023-11-13 12:48:25.150  INFO 6792 --- [restartedMain] o.s.b.w.embedded.tomcat.TomcatWebServer  : Tomcat initialized with port(s): 8080 (http)
2023-11-13 12:48:25.150  INFO 6792 --- [restartedMain] o.apache.catalina.core.StandardService   : Starting service [Tomcat]
2023-11-13 12:48:25.150  INFO 6792 --- [restartedMain] o.apache.catalina.core.StandardEngine    : Starting Servlet engine: [Apache Tomcat/10.1.15]
2023-11-13 12:48:25.160  INFO 6792 --- [restartedMain] o.a.c.c.C.[Tomcat].[localhost].[/]       : Initializing Spring embedded WebApplicationContext
2023-11-13 12:48:25.160  INFO 6792 --- [restartedMain] w.s.c.ServletWebServerApplicationContext : Root WebApplicationContext: initialization completed in 177 ms
2023-11-13 12:48:25.185  INFO 6792 --- [restartedMain] o.hibernate.jpa.internal.util.LogHelper  : HHH000204: Processing PersistenceUnitInfo [name: default]
2023-11-13 12:48:25.189  INFO 6792 --- [restartedMain] o.s.o.j.p.SpringPersistenceUnitInfo      : No LoadTimeWeaver setup: ignoring JPA class transformer
2023-11-13 12:48:25.190  INFO 6792 --- [restartedMain] com.zaxxer.hikari.HikariDataSource       : HikariPool-4 - Starting...
2023-11-13 12:48:25.308  INFO 6792 --- [restartedMain] com.zaxxer.hikari.pool.HikariPool        : HikariPool-4 - Added connection org.postgresql.jdbc.PgConnection@6cec4dea
2023-11-13 12:48:25.309  INFO 6792 --- [restartedMain] com.zaxxer.hikari.HikariDataSource       : HikariPool-4 - Start completed.
2023-11-13 12:48:25.317  WARN 6792 --- [restartedMain] org.hibernate.orm.deprecation            : HHH90000025: PostgreSQLDialect does not need to be specified explicitly using 'hibernate.dialect' (remove the property setting and it will be selected by default)
2023-11-13 12:48:25.370  INFO 6792 --- [restartedMain] o.h.e.t.j.p.i.JtaPlatformInitiator       : HHH000489: No JTA platform available (set 'hibernate.transaction.jta.platform' to enable JTA platform integration)
2023-11-13 12:48:25.602  INFO 6792 --- [restartedMain] j.LocalContainerEntityManagerFactoryBean : Initialized JPA EntityManagerFactory for persistence unit 'default'
2023-11-13 12:48:25.716  WARN 6792 --- [restartedMain] JpaBaseConfiguration$JpaWebConfiguration : spring.jpa.open-in-view is enabled by default. Therefore, database queries may be performed during view rendering. Explicitly configure spring.jpa.open-in-view to disable this warning
2023-11-13 12:48:25.749  INFO 6792 --- [restartedMain] o.s.s.web.DefaultSecurityFilterChain     : Will secure any request with [org.springframework.security.web.session.DisableEncodeUrlFilter@692f576, org.springframework.security.web.session.ForceEagerSessionCreationFilter@4d243565, org.springframework.security.web.context.request.async.WebAsyncManagerIntegrationFilter@30871286, org.springframework.security.web.context.SecurityContextHolderFilter@a25322d, org.springframework.security.web.header.HeaderWriterFilter@651b2860, org.springframework.security.web.csrf.CsrfFilter@6c75296e, org.springframework.security.web.authentication.logout.LogoutFilter@201b5d04, org.springframework.security.oauth2.client.web.OAuth2AuthorizationRequestRedirectFilter@231bd8a7, org.springframework.security.oauth2.client.web.OAuth2LoginAuthenticationFilter@3e239ee6, org.springframework.security.web.authentication.UsernamePasswordAuthenticationFilter@59924dec, org.springframework.security.web.savedrequest.RequestCacheAwareFilter@2eca963, org.springframework.security.web.servletapi.SecurityContextHolderAwareRequestFilter@3e88c976, org.springframework.security.web.authentication.AnonymousAuthenticationFilter@12717ede, org.springframework.security.web.session.SessionManagementFilter@4fde5ce1, org.springframework.security.web.access.ExceptionTranslationFilter@52db4341, org.springframework.security.web.access.intercept.AuthorizationFilter@3f60ed31]
2023-11-13 12:48:25.848  INFO 6792 --- [restartedMain] o.s.b.d.a.OptionalLiveReloadServer       : LiveReload server is running on port 35729
2023-11-13 12:48:25.854  INFO 6792 --- [restartedMain] o.s.b.w.embedded.tomcat.TomcatWebServer  : Tomcat started on port(s): 8080 (http) with context path ''
2023-11-13 12:48:25.858  INFO 6792 --- [restartedMain] com.ysblog.sbb.SbbApplication            : Started SbbApplication in 0.889 seconds (process running for 7836.739)
2023-11-13 12:48:25.858  INFO 6792 --- [restartedMain] .ConditionEvaluationDeltaLoggingListener : Condition evaluation unchanged
2023-11-13 12:53:32.116  INFO 6792 --- [File Watcher] rtingClassPathChangeChangedEventListener : Restarting due to 34 class path changes (0 additions, 0 deletions, 34 modifications)
2023-11-13 12:53:32.119  INFO 6792 --- [Thread-15] o.apache.catalina.core.StandardService   : Stopping service [Tomcat]
2023-11-13 12:53:32.121  INFO 6792 --- [Thread-15] j.LocalContainerEntityManagerFactoryBean : Closing JPA EntityManagerFactory for persistence unit 'default'
2023-11-13 12:53:32.122  INFO 6792 --- [Thread-15] com.zaxxer.hikari.HikariDataSource       : HikariPool-4 - Shutdown initiated...
2023-11-13 12:53:32.123  INFO 6792 --- [Thread-15] com.zaxxer.hikari.HikariDataSource       : HikariPool-4 - Shutdown completed.
2023-11-13 12:53:32.163  INFO 6792 --- [restartedMain] com.ysblog.sbb.SbbApplication            : Starting SbbApplication using Java 17.0.8.1 with PID 6792 (C:\Users\admin\Desktop\YOONLOG\build\classes\java\main started by admin in C:\Users\admin\Desktop\YOONLOG)
2023-11-13 12:53:32.163  INFO 6792 --- [restartedMain] com.ysblog.sbb.SbbApplication            : No active profile set, falling back to 1 default profile: "default"
2023-11-13 12:53:32.270  INFO 6792 --- [restartedMain] .s.d.r.c.RepositoryConfigurationDelegate : Bootstrapping Spring Data JPA repositories in DEFAULT mode.
2023-11-13 12:53:32.277  INFO 6792 --- [restartedMain] .s.d.r.c.RepositoryConfigurationDelegate : Finished Spring Data repository scanning in 6 ms. Found 3 JPA repository interfaces.
2023-11-13 12:53:32.350  INFO 6792 --- [restartedMain] o.s.b.w.embedded.tomcat.TomcatWebServer  : Tomcat initialized with port(s): 8080 (http)
2023-11-13 12:53:32.350  INFO 6792 --- [restartedMain] o.apache.catalina.core.StandardService   : Starting service [Tomcat]
2023-11-13 12:53:32.350  INFO 6792 --- [restartedMain] o.apache.catalina.core.StandardEngine    : Starting Servlet engine: [Apache Tomcat/10.1.15]
2023-11-13 12:53:32.362  INFO 6792 --- [restartedMain] o.a.c.c.C.[Tomcat].[localhost].[/]       : Initializing Spring embedded WebApplicationContext
2023-11-13 12:53:32.362  INFO 6792 --- [restartedMain] w.s.c.ServletWebServerApplicationContext : Root WebApplicationContext: initialization completed in 196 ms
2023-11-13 12:53:32.389  INFO 6792 --- [restartedMain] o.hibernate.jpa.internal.util.LogHelper  : HHH000204: Processing PersistenceUnitInfo [name: default]
2023-11-13 12:53:32.394  INFO 6792 --- [restartedMain] o.s.o.j.p.SpringPersistenceUnitInfo      : No LoadTimeWeaver setup: ignoring JPA class transformer
2023-11-13 12:53:32.394  INFO 6792 --- [restartedMain] com.zaxxer.hikari.HikariDataSource       : HikariPool-5 - Starting...
2023-11-13 12:53:32.509  INFO 6792 --- [restartedMain] com.zaxxer.hikari.pool.HikariPool        : HikariPool-5 - Added connection org.postgresql.jdbc.PgConnection@100f3370
2023-11-13 12:53:32.509  INFO 6792 --- [restartedMain] com.zaxxer.hikari.HikariDataSource       : HikariPool-5 - Start completed.
2023-11-13 12:53:32.518  WARN 6792 --- [restartedMain] org.hibernate.orm.deprecation            : HHH90000025: PostgreSQLDialect does not need to be specified explicitly using 'hibernate.dialect' (remove the property setting and it will be selected by default)
2023-11-13 12:53:32.562  INFO 6792 --- [restartedMain] o.h.e.t.j.p.i.JtaPlatformInitiator       : HHH000489: No JTA platform available (set 'hibernate.transaction.jta.platform' to enable JTA platform integration)
2023-11-13 12:53:32.869  INFO 6792 --- [restartedMain] j.LocalContainerEntityManagerFactoryBean : Initialized JPA EntityManagerFactory for persistence unit 'default'
2023-11-13 12:53:32.993  WARN 6792 --- [restartedMain] JpaBaseConfiguration$JpaWebConfiguration : spring.jpa.open-in-view is enabled by default. Therefore, database queries may be performed during view rendering. Explicitly configure spring.jpa.open-in-view to disable this warning
2023-11-13 12:53:33.025  INFO 6792 --- [restartedMain] o.s.s.web.DefaultSecurityFilterChain     : Will secure any request with [org.springframework.security.web.session.DisableEncodeUrlFilter@3f6c348, org.springframework.security.web.session.ForceEagerSessionCreationFilter@164b58db, org.springframework.security.web.context.request.async.WebAsyncManagerIntegrationFilter@2d97d64c, org.springframework.security.web.context.SecurityContextHolderFilter@cc32d8d, org.springframework.security.web.header.HeaderWriterFilter@5997c184, org.springframework.security.web.csrf.CsrfFilter@1a9f195, org.springframework.security.web.authentication.logout.LogoutFilter@33b630ae, org.springframework.security.oauth2.client.web.OAuth2AuthorizationRequestRedirectFilter@697a43b5, org.springframework.security.oauth2.client.web.OAuth2LoginAuthenticationFilter@580e93de, org.springframework.security.web.authentication.UsernamePasswordAuthenticationFilter@23b6c3de, org.springframework.security.web.savedrequest.RequestCacheAwareFilter@26c83ee3, org.springframework.security.web.servletapi.SecurityContextHolderAwareRequestFilter@4134405f, org.springframework.security.web.authentication.AnonymousAuthenticationFilter@12b3043, org.springframework.security.web.session.SessionManagementFilter@42285904, org.springframework.security.web.access.ExceptionTranslationFilter@72fb0b55, org.springframework.security.web.access.intercept.AuthorizationFilter@5fa0806f]
2023-11-13 12:53:33.132  INFO 6792 --- [restartedMain] o.s.b.d.a.OptionalLiveReloadServer       : LiveReload server is running on port 35729
2023-11-13 12:53:33.138  INFO 6792 --- [restartedMain] o.s.b.w.embedded.tomcat.TomcatWebServer  : Tomcat started on port(s): 8080 (http) with context path ''
2023-11-13 12:53:33.140  INFO 6792 --- [restartedMain] com.ysblog.sbb.SbbApplication            : Started SbbApplication in 0.991 seconds (process running for 8144.022)
2023-11-13 12:53:33.141  INFO 6792 --- [restartedMain] .ConditionEvaluationDeltaLoggingListener : Condition evaluation unchanged
